<?xml version="1.0" encoding="UTF-8"?>
<!-- Generated by org.testng.reporters.JUnitReportReporter -->
<testsuite hostname="win7-PC" name="runner.Testrunner" tests="1" failures="0" timestamp="3 May 2019 00:59:21 GMT" time="44.545" errors="0">
  <testcase name="feature" time="44.545" classname="runner.Testrunner"/>
</testsuite> <!-- runner.Testrunner -->
